CRITICAL - 2021-11-21 16:32:14 --> Call to undefined method MongoDB\Collection::ObjectId()
#0 C:\xampp\htdocs\mongodb\vendor\codeigniter4\framework\system\CodeIgniter.php(824): App\Controllers\Home->index()
#1 C:\xampp\htdocs\mongodb\vendor\codeigniter4\framework\system\CodeIgniter.php(410): CodeIgniter\CodeIgniter->runController(Object(App\Controllers\Home))
#2 C:\xampp\htdocs\mongodb\vendor\codeigniter4\framework\system\CodeIgniter.php(318): CodeIgniter\CodeIgniter->handleRequest(NULL, Object(Config\Cache), false)
#3 C:\xampp\htdocs\mongodb\public\index.php(37): CodeIgniter\CodeIgniter->run()
#4 C:\xampp\htdocs\mongodb\vendor\codeigniter4\framework\system\Commands\Server\rewrite.php(43): require_once('C:\\xampp\\htdocs...')
#5 {main}
CRITICAL - 2021-11-21 16:35:11 --> Undefined index: id
#0 C:\xampp\htdocs\mongodb\app\Controllers\Home.php(14): CodeIgniter\Debug\Exceptions->errorHandler(8, 'Undefined index...', 'C:\\xampp\\htdocs...', 14, Array)
#1 C:\xampp\htdocs\mongodb\vendor\codeigniter4\framework\system\CodeIgniter.php(824): App\Controllers\Home->index()
#2 C:\xampp\htdocs\mongodb\vendor\codeigniter4\framework\system\CodeIgniter.php(410): CodeIgniter\CodeIgniter->runController(Object(App\Controllers\Home))
#3 C:\xampp\htdocs\mongodb\vendor\codeigniter4\framework\system\CodeIgniter.php(318): CodeIgniter\CodeIgniter->handleRequest(NULL, Object(Config\Cache), false)
#4 C:\xampp\htdocs\mongodb\public\index.php(37): CodeIgniter\CodeIgniter->run()
#5 C:\xampp\htdocs\mongodb\vendor\codeigniter4\framework\system\Commands\Server\rewrite.php(43): require_once('C:\\xampp\\htdocs...')
#6 {main}
CRITICAL - 2021-11-21 16:35:25 --> Undefined index: nome
#0 C:\xampp\htdocs\mongodb\app\Controllers\Home.php(14): CodeIgniter\Debug\Exceptions->errorHandler(8, 'Undefined index...', 'C:\\xampp\\htdocs...', 14, Array)
#1 C:\xampp\htdocs\mongodb\vendor\codeigniter4\framework\system\CodeIgniter.php(824): App\Controllers\Home->index()
#2 C:\xampp\htdocs\mongodb\vendor\codeigniter4\framework\system\CodeIgniter.php(410): CodeIgniter\CodeIgniter->runController(Object(App\Controllers\Home))
#3 C:\xampp\htdocs\mongodb\vendor\codeigniter4\framework\system\CodeIgniter.php(318): CodeIgniter\CodeIgniter->handleRequest(NULL, Object(Config\Cache), false)
#4 C:\xampp\htdocs\mongodb\public\index.php(37): CodeIgniter\CodeIgniter->run()
#5 C:\xampp\htdocs\mongodb\vendor\codeigniter4\framework\system\Commands\Server\rewrite.php(43): require_once('C:\\xampp\\htdocs...')
#6 {main}
CRITICAL - 2021-11-21 16:36:47 --> Cannot use object of type MongoDB\Driver\Cursor as array
#0 C:\xampp\htdocs\mongodb\vendor\codeigniter4\framework\system\CodeIgniter.php(824): App\Controllers\Home->index()
#1 C:\xampp\htdocs\mongodb\vendor\codeigniter4\framework\system\CodeIgniter.php(410): CodeIgniter\CodeIgniter->runController(Object(App\Controllers\Home))
#2 C:\xampp\htdocs\mongodb\vendor\codeigniter4\framework\system\CodeIgniter.php(318): CodeIgniter\CodeIgniter->handleRequest(NULL, Object(Config\Cache), false)
#3 C:\xampp\htdocs\mongodb\public\index.php(37): CodeIgniter\CodeIgniter->run()
#4 C:\xampp\htdocs\mongodb\vendor\codeigniter4\framework\system\Commands\Server\rewrite.php(43): require_once('C:\\xampp\\htdocs...')
#5 {main}
CRITICAL - 2021-11-21 16:36:54 --> Cannot use object of type MongoDB\Driver\Cursor as array
#0 C:\xampp\htdocs\mongodb\vendor\codeigniter4\framework\system\CodeIgniter.php(824): App\Controllers\Home->index()
#1 C:\xampp\htdocs\mongodb\vendor\codeigniter4\framework\system\CodeIgniter.php(410): CodeIgniter\CodeIgniter->runController(Object(App\Controllers\Home))
#2 C:\xampp\htdocs\mongodb\vendor\codeigniter4\framework\system\CodeIgniter.php(318): CodeIgniter\CodeIgniter->handleRequest(NULL, Object(Config\Cache), false)
#3 C:\xampp\htdocs\mongodb\public\index.php(37): CodeIgniter\CodeIgniter->run()
#4 C:\xampp\htdocs\mongodb\vendor\codeigniter4\framework\system\Commands\Server\rewrite.php(43): require_once('C:\\xampp\\htdocs...')
#5 {main}
CRITICAL - 2021-11-21 16:36:55 --> Cannot use object of type MongoDB\Driver\Cursor as array
#0 C:\xampp\htdocs\mongodb\vendor\codeigniter4\framework\system\CodeIgniter.php(824): App\Controllers\Home->index()
#1 C:\xampp\htdocs\mongodb\vendor\codeigniter4\framework\system\CodeIgniter.php(410): CodeIgniter\CodeIgniter->runController(Object(App\Controllers\Home))
#2 C:\xampp\htdocs\mongodb\vendor\codeigniter4\framework\system\CodeIgniter.php(318): CodeIgniter\CodeIgniter->handleRequest(NULL, Object(Config\Cache), false)
#3 C:\xampp\htdocs\mongodb\public\index.php(37): CodeIgniter\CodeIgniter->run()
#4 C:\xampp\htdocs\mongodb\vendor\codeigniter4\framework\system\Commands\Server\rewrite.php(43): require_once('C:\\xampp\\htdocs...')
#5 {main}
CRITICAL - 2021-11-21 16:37:16 --> Cannot use object of type MongoDB\Driver\Cursor as array
#0 C:\xampp\htdocs\mongodb\vendor\codeigniter4\framework\system\CodeIgniter.php(824): App\Controllers\Home->index()
#1 C:\xampp\htdocs\mongodb\vendor\codeigniter4\framework\system\CodeIgniter.php(410): CodeIgniter\CodeIgniter->runController(Object(App\Controllers\Home))
#2 C:\xampp\htdocs\mongodb\vendor\codeigniter4\framework\system\CodeIgniter.php(318): CodeIgniter\CodeIgniter->handleRequest(NULL, Object(Config\Cache), false)
#3 C:\xampp\htdocs\mongodb\public\index.php(37): CodeIgniter\CodeIgniter->run()
#4 C:\xampp\htdocs\mongodb\vendor\codeigniter4\framework\system\Commands\Server\rewrite.php(43): require_once('C:\\xampp\\htdocs...')
#5 {main}
CRITICAL - 2021-11-21 16:37:29 --> syntax error, unexpected '0' (T_LNUMBER), expecting identifier (T_STRING) or variable (T_VARIABLE) or '{' or '$'
#0 C:\xampp\htdocs\mongodb\vendor\codeigniter4\framework\system\Autoloader\Autoloader.php(241): CodeIgniter\Autoloader\Autoloader->includeFile('C:\\xampp\\htdocs...')
#1 C:\xampp\htdocs\mongodb\vendor\codeigniter4\framework\system\Autoloader\Autoloader.php(219): CodeIgniter\Autoloader\Autoloader->loadInNamespace('App\\Controllers...')
#2 [internal function]: CodeIgniter\Autoloader\Autoloader->loadClass('App\\Controllers...')
#3 [internal function]: spl_autoload_call('App\\Controllers...')
#4 C:\xampp\htdocs\mongodb\vendor\codeigniter4\framework\system\CodeIgniter.php(789): class_exists('\\App\\Controller...', true)
#5 C:\xampp\htdocs\mongodb\vendor\codeigniter4\framework\system\CodeIgniter.php(397): CodeIgniter\CodeIgniter->startController()
#6 C:\xampp\htdocs\mongodb\vendor\codeigniter4\framework\system\CodeIgniter.php(318): CodeIgniter\CodeIgniter->handleRequest(NULL, Object(Config\Cache), false)
#7 C:\xampp\htdocs\mongodb\public\index.php(37): CodeIgniter\CodeIgniter->run()
#8 C:\xampp\htdocs\mongodb\vendor\codeigniter4\framework\system\Commands\Server\rewrite.php(43): require_once('C:\\xampp\\htdocs...')
#9 {main}
CRITICAL - 2021-11-21 16:38:04 --> Undefined variable: doc
#0 C:\xampp\htdocs\mongodb\app\Controllers\Home.php(15): CodeIgniter\Debug\Exceptions->errorHandler(8, 'Undefined varia...', 'C:\\xampp\\htdocs...', 15, Array)
#1 C:\xampp\htdocs\mongodb\vendor\codeigniter4\framework\system\CodeIgniter.php(824): App\Controllers\Home->index()
#2 C:\xampp\htdocs\mongodb\vendor\codeigniter4\framework\system\CodeIgniter.php(410): CodeIgniter\CodeIgniter->runController(Object(App\Controllers\Home))
#3 C:\xampp\htdocs\mongodb\vendor\codeigniter4\framework\system\CodeIgniter.php(318): CodeIgniter\CodeIgniter->handleRequest(NULL, Object(Config\Cache), false)
#4 C:\xampp\htdocs\mongodb\public\index.php(37): CodeIgniter\CodeIgniter->run()
#5 C:\xampp\htdocs\mongodb\vendor\codeigniter4\framework\system\Commands\Server\rewrite.php(43): require_once('C:\\xampp\\htdocs...')
#6 {main}
